[0.006s] Invoking command in '/home/selawe/my_robot_ws/build/robot_description': CMAKE_PREFIX_PATH=${CMAKE_PREFIX_PATH}:/home/selawe/ros2_ws/install/my_robot_controller:/opt/ros/humble /usr/bin/cmake --build /home/selawe/my_robot_ws/build/robot_description -- -j16 -l16
[0.024s] -- Found ament_cmake: 1.3.11 (/opt/ros/humble/share/ament_cmake/cmake)
[0.094s] -- Override CMake install command with custom implementation using symlinks instead of copying resources
[0.097s] -- Found rclpy: 3.3.15 (/opt/ros/humble/share/rclpy/cmake)
[0.142s] -- Configuring done
[0.143s] -- Generating done
[0.144s] -- Build files have been written to: /home/selawe/my_robot_ws/build/robot_description
[0.158s] Invoked command in '/home/selawe/my_robot_ws/build/robot_description' returned '0': CMAKE_PREFIX_PATH=${CMAKE_PREFIX_PATH}:/home/selawe/ros2_ws/install/my_robot_controller:/opt/ros/humble /usr/bin/cmake --build /home/selawe/my_robot_ws/build/robot_description -- -j16 -l16
[0.164s] Invoking command in '/home/selawe/my_robot_ws/build/robot_description': CMAKE_PREFIX_PATH=${CMAKE_PREFIX_PATH}:/home/selawe/ros2_ws/install/my_robot_controller:/opt/ros/humble /usr/bin/cmake --install /home/selawe/my_robot_ws/build/robot_description
[0.170s] -- Install configuration: ""
[0.170s] -- Execute custom install script
[0.170s] -- Up-to-date symlink: /home/selawe/my_robot_ws/install/robot_description/share/robot_description/urdf/my_urdf_robot_xacro.urdf.xacro
[0.170s] -- Up-to-date symlink: /home/selawe/my_robot_ws/install/robot_description/share/robot_description/urdf/part.xacro
[0.170s] -- Up-to-date symlink: /home/selawe/my_robot_ws/install/robot_description/share/robot_description/launch/display.launch.py
[0.170s] -- Up-to-date symlink: /home/selawe/my_robot_ws/install/robot_description/share/robot_description/rviz/robot_config.rviz
[0.170s] -- Up-to-date symlink: /home/selawe/my_robot_ws/install/robot_description/share/ament_index/resource_index/package_run_dependencies/robot_description
[0.170s] -- Up-to-date symlink: /home/selawe/my_robot_ws/install/robot_description/share/ament_index/resource_index/parent_prefix_path/robot_description
[0.170s] -- Up-to-date symlink: /home/selawe/my_robot_ws/install/robot_description/share/robot_description/environment/ament_prefix_path.sh
[0.170s] -- Up-to-date symlink: /home/selawe/my_robot_ws/install/robot_description/share/robot_description/environment/ament_prefix_path.dsv
[0.171s] -- Up-to-date symlink: /home/selawe/my_robot_ws/install/robot_description/share/robot_description/environment/path.sh
[0.171s] -- Up-to-date symlink: /home/selawe/my_robot_ws/install/robot_description/share/robot_description/environment/path.dsv
[0.171s] -- Up-to-date symlink: /home/selawe/my_robot_ws/install/robot_description/share/robot_description/local_setup.bash
[0.171s] -- Up-to-date symlink: /home/selawe/my_robot_ws/install/robot_description/share/robot_description/local_setup.sh
[0.171s] -- Up-to-date symlink: /home/selawe/my_robot_ws/install/robot_description/share/robot_description/local_setup.zsh
[0.171s] -- Up-to-date symlink: /home/selawe/my_robot_ws/install/robot_description/share/robot_description/local_setup.dsv
[0.171s] -- Symlinking: /home/selawe/my_robot_ws/install/robot_description/share/robot_description/package.dsv
[0.176s] -- Up-to-date symlink: /home/selawe/my_robot_ws/install/robot_description/share/ament_index/resource_index/packages/robot_description
[0.176s] -- Up-to-date symlink: /home/selawe/my_robot_ws/install/robot_description/share/robot_description/cmake/robot_descriptionConfig.cmake
[0.176s] -- Up-to-date symlink: /home/selawe/my_robot_ws/install/robot_description/share/robot_description/cmake/robot_descriptionConfig-version.cmake
[0.176s] -- Up-to-date symlink: /home/selawe/my_robot_ws/install/robot_description/share/robot_description/package.xml
[0.178s] Invoked command in '/home/selawe/my_robot_ws/build/robot_description' returned '0': CMAKE_PREFIX_PATH=${CMAKE_PREFIX_PATH}:/home/selawe/ros2_ws/install/my_robot_controller:/opt/ros/humble /usr/bin/cmake --install /home/selawe/my_robot_ws/build/robot_description
