[0.008s] Invoking command in '/home/selawe/my_robot_ws/build/robot_description': CMAKE_PREFIX_PATH=${CMAKE_PREFIX_PATH}:/home/selawe/install/urdf_tutorial_r2d2:/home/selawe/install/my_robot_controller:/home/selawe/ros2_ws/install/my_robot_controller:/opt/ros/humble /usr/bin/cmake /home/selawe/my_robot_ws/src/robot_description -DAMENT_CMAKE_SYMLINK_INSTALL=1 -DCMAKE_INSTALL_PREFIX=/home/selawe/my_robot_ws/install/robot_description
[0.045s] -- The C compiler identification is GNU 11.4.0
[0.080s] -- The CXX compiler identification is GNU 11.4.0
[0.084s] -- Detecting C compiler ABI info
[0.128s] -- Detecting C compiler ABI info - done
[0.133s] -- Check for working C compiler: /usr/bin/cc - skipped
[0.133s] -- Detecting C compile features
[0.133s] -- Detecting C compile features - done
[0.135s] -- Detecting CXX compiler ABI info
[0.185s] -- Detecting CXX compiler ABI info - done
[0.189s] -- Check for working CXX compiler: /usr/bin/c++ - skipped
[0.189s] -- Detecting CXX compile features
[0.189s] -- Detecting CXX compile features - done
[0.191s] -- Found ament_cmake: 1.3.11 (/opt/ros/humble/share/ament_cmake/cmake)
[0.288s] -- Found Python3: /usr/bin/python3 (found version "3.10.12") found components: Interpreter 
[0.325s] -- Override CMake install command with custom implementation using symlinks instead of copying resources
[0.337s] -- Found rclpy: 3.3.15 (/opt/ros/humble/share/rclpy/cmake)
[0.338s] -- Found ament_lint_auto: 0.12.11 (/opt/ros/humble/share/ament_lint_auto/cmake)
[0.379s] -- Added test 'flake8' to check Python code syntax and style conventions
[0.380s] -- Added test 'lint_cmake' to check CMake code style
[0.380s] -- Added test 'pep257' to check Python code against some of the docstring style conventions in PEP 257
[0.381s] -- Added test 'xmllint' to check XML markup files
[0.381s] -- Configuring done
[0.382s] -- Generating done
[0.383s] -- Build files have been written to: /home/selawe/my_robot_ws/build/robot_description
[0.386s] Invoked command in '/home/selawe/my_robot_ws/build/robot_description' returned '0': CMAKE_PREFIX_PATH=${CMAKE_PREFIX_PATH}:/home/selawe/install/urdf_tutorial_r2d2:/home/selawe/install/my_robot_controller:/home/selawe/ros2_ws/install/my_robot_controller:/opt/ros/humble /usr/bin/cmake /home/selawe/my_robot_ws/src/robot_description -DAMENT_CMAKE_SYMLINK_INSTALL=1 -DCMAKE_INSTALL_PREFIX=/home/selawe/my_robot_ws/install/robot_description
[0.388s] Invoking command in '/home/selawe/my_robot_ws/build/robot_description': CMAKE_PREFIX_PATH=${CMAKE_PREFIX_PATH}:/home/selawe/install/urdf_tutorial_r2d2:/home/selawe/install/my_robot_controller:/home/selawe/ros2_ws/install/my_robot_controller:/opt/ros/humble /usr/bin/cmake --build /home/selawe/my_robot_ws/build/robot_description -- -j16 -l16
[0.412s] Invoked command in '/home/selawe/my_robot_ws/build/robot_description' returned '0': CMAKE_PREFIX_PATH=${CMAKE_PREFIX_PATH}:/home/selawe/install/urdf_tutorial_r2d2:/home/selawe/install/my_robot_controller:/home/selawe/ros2_ws/install/my_robot_controller:/opt/ros/humble /usr/bin/cmake --build /home/selawe/my_robot_ws/build/robot_description -- -j16 -l16
[0.417s] Invoking command in '/home/selawe/my_robot_ws/build/robot_description': CMAKE_PREFIX_PATH=${CMAKE_PREFIX_PATH}:/home/selawe/install/urdf_tutorial_r2d2:/home/selawe/install/my_robot_controller:/home/selawe/ros2_ws/install/my_robot_controller:/opt/ros/humble /usr/bin/cmake --install /home/selawe/my_robot_ws/build/robot_description
[0.421s] -- Install configuration: ""
[0.421s] -- Execute custom install script
[0.421s] -- Symlinking: /home/selawe/my_robot_ws/install/robot_description/share/robot_description/urdf/my_urdf_robot.urdf.xacro
[0.426s] -- Symlinking: /home/selawe/my_robot_ws/install/robot_description/share/robot_description/urdf/my_urdf_robot_xacro.urdf.xacro
[0.433s] -- Symlinking: /home/selawe/my_robot_ws/install/robot_description/share/robot_description/urdf/part.xacro
[0.438s] -- Symlinking: /home/selawe/my_robot_ws/install/robot_description/share/robot_description/launch/display.launch.py
[0.443s] -- Symlinking: /home/selawe/my_robot_ws/install/robot_description/share/robot_description/rviz/robot_config.rviz
[0.448s] -- Symlinking: /home/selawe/my_robot_ws/install/robot_description/share/ament_index/resource_index/package_run_dependencies/robot_description
[0.453s] -- Symlinking: /home/selawe/my_robot_ws/install/robot_description/share/ament_index/resource_index/parent_prefix_path/robot_description
[0.458s] -- Symlinking: /home/selawe/my_robot_ws/install/robot_description/share/robot_description/environment/ament_prefix_path.sh
[0.464s] -- Symlinking: /home/selawe/my_robot_ws/install/robot_description/share/robot_description/environment/ament_prefix_path.dsv
[0.470s] -- Symlinking: /home/selawe/my_robot_ws/install/robot_description/share/robot_description/environment/path.sh
[0.475s] -- Symlinking: /home/selawe/my_robot_ws/install/robot_description/share/robot_description/environment/path.dsv
[0.481s] -- Symlinking: /home/selawe/my_robot_ws/install/robot_description/share/robot_description/local_setup.bash
[0.486s] -- Symlinking: /home/selawe/my_robot_ws/install/robot_description/share/robot_description/local_setup.sh
[0.490s] -- Symlinking: /home/selawe/my_robot_ws/install/robot_description/share/robot_description/local_setup.zsh
[0.494s] -- Symlinking: /home/selawe/my_robot_ws/install/robot_description/share/robot_description/local_setup.dsv
[0.500s] -- Symlinking: /home/selawe/my_robot_ws/install/robot_description/share/robot_description/package.dsv
[0.504s] -- Symlinking: /home/selawe/my_robot_ws/install/robot_description/share/ament_index/resource_index/packages/robot_description
[0.509s] -- Symlinking: /home/selawe/my_robot_ws/install/robot_description/share/robot_description/cmake/robot_descriptionConfig.cmake
[0.515s] -- Symlinking: /home/selawe/my_robot_ws/install/robot_description/share/robot_description/cmake/robot_descriptionConfig-version.cmake
[0.520s] -- Symlinking: /home/selawe/my_robot_ws/install/robot_description/share/robot_description/package.xml
[0.526s] Invoked command in '/home/selawe/my_robot_ws/build/robot_description' returned '0': CMAKE_PREFIX_PATH=${CMAKE_PREFIX_PATH}:/home/selawe/install/urdf_tutorial_r2d2:/home/selawe/install/my_robot_controller:/home/selawe/ros2_ws/install/my_robot_controller:/opt/ros/humble /usr/bin/cmake --install /home/selawe/my_robot_ws/build/robot_description
