[0.008s] Invoking command in '/home/selawe/my_robot_ws/build/robot_description': CMAKE_PREFIX_PATH=${CMAKE_PREFIX_PATH}:/home/selawe/ros2_ws/install/my_robot_controller:/opt/ros/humble /usr/bin/cmake --build /home/selawe/my_robot_ws/build/robot_description -- -j16 -l16
[0.036s] Invoked command in '/home/selawe/my_robot_ws/build/robot_description' returned '0': CMAKE_PREFIX_PATH=${CMAKE_PREFIX_PATH}:/home/selawe/ros2_ws/install/my_robot_controller:/opt/ros/humble /usr/bin/cmake --build /home/selawe/my_robot_ws/build/robot_description -- -j16 -l16
[0.043s] Invoking command in '/home/selawe/my_robot_ws/build/robot_description': CMAKE_PREFIX_PATH=${CMAKE_PREFIX_PATH}:/home/selawe/ros2_ws/install/my_robot_controller:/opt/ros/humble /usr/bin/cmake --install /home/selawe/my_robot_ws/build/robot_description
[0.048s] -- Install configuration: ""
[0.049s] -- Execute custom install script
[0.049s] -- Up-to-date symlink: /home/selawe/my_robot_ws/install/robot_description/share/robot_description/urdf/my_urdf_robot_xacro.urdf.xacro
[0.049s] -- Up-to-date symlink: /home/selawe/my_robot_ws/install/robot_description/share/robot_description/urdf/part.xacro
[0.049s] -- Up-to-date symlink: /home/selawe/my_robot_ws/install/robot_description/share/robot_description/launch/display.launch.py
[0.049s] -- Symlinking: /home/selawe/my_robot_ws/install/robot_description/share/robot_description/launch/display_rviz.launch.py
[0.056s] -- Up-to-date symlink: /home/selawe/my_robot_ws/install/robot_description/share/robot_description/rviz/robot_config.rviz
[0.056s] -- Up-to-date symlink: /home/selawe/my_robot_ws/install/robot_description/share/ament_index/resource_index/package_run_dependencies/robot_description
[0.056s] -- Up-to-date symlink: /home/selawe/my_robot_ws/install/robot_description/share/ament_index/resource_index/parent_prefix_path/robot_description
[0.057s] -- Up-to-date symlink: /home/selawe/my_robot_ws/install/robot_description/share/robot_description/environment/ament_prefix_path.sh
[0.057s] -- Up-to-date symlink: /home/selawe/my_robot_ws/install/robot_description/share/robot_description/environment/ament_prefix_path.dsv
[0.057s] -- Up-to-date symlink: /home/selawe/my_robot_ws/install/robot_description/share/robot_description/environment/path.sh
[0.057s] -- Up-to-date symlink: /home/selawe/my_robot_ws/install/robot_description/share/robot_description/environment/path.dsv
[0.057s] -- Up-to-date symlink: /home/selawe/my_robot_ws/install/robot_description/share/robot_description/local_setup.bash
[0.057s] -- Up-to-date symlink: /home/selawe/my_robot_ws/install/robot_description/share/robot_description/local_setup.sh
[0.057s] -- Up-to-date symlink: /home/selawe/my_robot_ws/install/robot_description/share/robot_description/local_setup.zsh
[0.057s] -- Up-to-date symlink: /home/selawe/my_robot_ws/install/robot_description/share/robot_description/local_setup.dsv
[0.057s] -- Symlinking: /home/selawe/my_robot_ws/install/robot_description/share/robot_description/package.dsv
[0.064s] -- Up-to-date symlink: /home/selawe/my_robot_ws/install/robot_description/share/ament_index/resource_index/packages/robot_description
[0.064s] -- Up-to-date symlink: /home/selawe/my_robot_ws/install/robot_description/share/robot_description/cmake/robot_descriptionConfig.cmake
[0.064s] -- Up-to-date symlink: /home/selawe/my_robot_ws/install/robot_description/share/robot_description/cmake/robot_descriptionConfig-version.cmake
[0.064s] -- Up-to-date symlink: /home/selawe/my_robot_ws/install/robot_description/share/robot_description/package.xml
[0.066s] Invoked command in '/home/selawe/my_robot_ws/build/robot_description' returned '0': CMAKE_PREFIX_PATH=${CMAKE_PREFIX_PATH}:/home/selawe/ros2_ws/install/my_robot_controller:/opt/ros/humble /usr/bin/cmake --install /home/selawe/my_robot_ws/build/robot_description
